<?xml version="1.0" encoding="UTF-8"?>
<testExecutions version="1">
  <file path="/Users/patrik/Dev/plgd/hub/http-gateway/web/packages/shared-ui/src/components/Atomic/ButtonBox/ButtonBox.test.tsx">
    <testCase name="&lt;ButtonBox&gt; snapshot" duration="177"/>
    <testCase name="&lt;ButtonBox&gt; renders button with provided props" duration="212"/>
  </file>
  <file path="/Users/patrik/Dev/plgd/hub/http-gateway/web/packages/shared-ui/src/components/Atomic/SplitButton/SplitButton.test.tsx">
    <testCase name="&lt;SimpleStripTable&gt; render correctly - snapshot" duration="494"/>
  </file>
  <file path="/Users/patrik/Dev/plgd/hub/http-gateway/web/packages/shared-ui/src/components/Atomic/FormGroup/FormGroup.test.tsx">
    <testCase name="&lt;FormGroup&gt; render correctly - snapshot" duration="404"/>
  </file>
  <file path="/Users/patrik/Dev/plgd/hub/http-gateway/web/packages/shared-ui/src/components/Layout/Header/Header.test.tsx">
    <testCase name="&lt;Header&gt; render correctly - snapshot" duration="330"/>
  </file>
  <file path="/Users/patrik/Dev/plgd/hub/http-gateway/web/packages/shared-ui/src/components/Atomic/Tag/Tag.test.tsx">
    <testCase name="&lt;Tag&gt; render correctly - snapshot" duration="313"/>
  </file>
  <file path="/Users/patrik/Dev/plgd/hub/http-gateway/web/packages/shared-ui/src/components/Atomic/Alert/Alert.test.tsx">
    <testCase name="&lt;Alert&gt; snapshot" duration="133"/>
    <testCase name="&lt;Alert&gt; renders alert message when provided" duration="12"/>
  </file>
  <file path="/Users/patrik/Dev/plgd/hub/http-gateway/web/packages/shared-ui/src/components/Atomic/Editor/Editor.test.tsx">
    <testCase name="&lt;ConditionalWrapper&gt; render correctly - snapshot" duration="407"/>
  </file>
  <file path="/Users/patrik/Dev/plgd/hub/http-gateway/web/packages/shared-ui/src/components/Atomic/FormSelect/FormSelect.test.tsx">
    <testCase name="&lt;FormSelect&gt; render correctly - snapshot" duration="708"/>
  </file>
  <file path="/Users/patrik/Dev/plgd/hub/http-gateway/web/packages/shared-ui/src/components/Atomic/PageLayout/PageLayout.test.tsx">
    <testCase name="&lt;PageLayout&gt; render correctly - snapshot" duration="290"/>
  </file>
  <file path="/Users/patrik/Dev/plgd/hub/http-gateway/web/packages/shared-ui/src/components/Atomic/Modal/Modal.test.tsx">
    <testCase name="&lt;Modal&gt; render correctly - snapshot" duration="428"/>
  </file>
  <file path="/Users/patrik/Dev/plgd/hub/http-gateway/web/packages/shared-ui/src/components/Atomic/SimpleStripTable/SimpleStripTable.test.tsx">
    <testCase name="&lt;SimpleStripTable&gt; render correctly - snapshot" duration="141"/>
  </file>
  <file path="/Users/patrik/Dev/plgd/hub/http-gateway/web/packages/shared-ui/src/components/Layout/LeftPanel/LeftPanel.test.tsx">
    <testCase name="&lt;LeftPanel&gt; render correctly - snapshot" duration="991"/>
    <testCase name="&lt;LeftPanel&gt; render correctly - snapshot" duration="634"/>
    <testCase name="&lt;LeftPanel&gt; render correctly - snapshot" duration="644"/>
    <testCase name="&lt;LeftPanel&gt; render correctly - snapshot" duration="466"/>
  </file>
  <file path="/Users/patrik/Dev/plgd/hub/http-gateway/web/packages/shared-ui/src/components/Atomic/Switch/Switch.test.tsx">
    <testCase name="&lt;Switch&gt; render correctly - snapshot" duration="129"/>
  </file>
  <file path="/Users/patrik/Dev/plgd/hub/http-gateway/web/packages/shared-ui/src/components/Atomic/Button/Button.test.tsx">
    <testCase name="&lt;Button&gt; render correctly - snapshot" duration="165"/>
    <testCase name="&lt;Button&gt; render correctly - loading" duration="79"/>
    <testCase name="&lt;Button&gt; onCLick" duration="27"/>
  </file>
  <file path="/Users/patrik/Dev/plgd/hub/http-gateway/web/packages/shared-ui/src/components/Atomic/Grid/Grid.test.tsx">
    <testCase name="&lt;Grid&gt; render correctly - snapshot" duration="210"/>
  </file>
  <file path="/Users/patrik/Dev/plgd/hub/http-gateway/web/packages/shared-ui/src/components/Atomic/Radio/Radio.test.tsx">
    <testCase name="&lt;Radio&gt; render correctly - snapshot" duration="272"/>
  </file>
  <file path="/Users/patrik/Dev/plgd/hub/http-gateway/web/packages/shared-ui/src/components/Atomic/TileToggle/TileToggle.test.tsx">
    <testCase name="&lt;TileToggle&gt; render correctly - snapshot" duration="126"/>
  </file>
  <file path="/Users/patrik/Dev/plgd/hub/http-gateway/web/packages/shared-ui/src/components/Layout/Footer/Footer.test.tsx">
    <testCase name="&lt;Footer&gt; render correctly - snapshot" duration="75"/>
  </file>
  <file path="/Users/patrik/Dev/plgd/hub/http-gateway/web/packages/shared-ui/src/components/Atomic/VersionMark/VersionMark.test.tsx">
    <testCase name="&lt;VersionMark&gt; render correctly - snapshot" duration="77"/>
  </file>
  <file path="/Users/patrik/Dev/plgd/hub/http-gateway/web/packages/shared-ui/src/components/Atomic/Link/Link.test.tsx">
    <testCase name="&lt;Headline&gt; render correctly - snapshot" duration="49"/>
    <testCase name="&lt;Headline&gt; onCLick" duration="25"/>
  </file>
  <file path="/Users/patrik/Dev/plgd/hub/http-gateway/web/packages/shared-ui/src/components/Atomic/FormInput/FormInput.test.tsx">
    <testCase name="&lt;FormInput&gt; render correctly - snapshot" duration="285"/>
  </file>
  <file path="/Users/patrik/Dev/plgd/hub/http-gateway/web/packages/shared-ui/src/components/Atomic/Headline/Headline.test.tsx">
    <testCase name="&lt;Headline&gt; render correctly - snapshot" duration="127"/>
  </file>
  <file path="/Users/patrik/Dev/plgd/hub/http-gateway/web/packages/shared-ui/src/components/Atomic/FormTextarea/FormTextarea.test.tsx">
    <testCase name="&lt;FormInput&gt; render correctly - snapshot" duration="308"/>
  </file>
  <file path="/Users/patrik/Dev/plgd/hub/http-gateway/web/packages/shared-ui/src/components/Atomic/Tabs/Tabs.test.tsx">
    <testCase name="&lt;Tabs&gt; render correctly - snapshot" duration="163"/>
  </file>
  <file path="/Users/patrik/Dev/plgd/hub/http-gateway/web/packages/shared-ui/src/components/Atomic/PageLoader/PageLoader.test.tsx">
    <testCase name="&lt;PageLoader&gt; render correctly - snapshot" duration="34"/>
  </file>
  <file path="/Users/patrik/Dev/plgd/hub/http-gateway/web/packages/shared-ui/src/components/Atomic/StatusPill/StatusPill.test.tsx">
    <testCase name="&lt;StatusPill&gt; render correctly - snapshot" duration="163"/>
  </file>
  <file path="/Users/patrik/Dev/plgd/hub/http-gateway/web/packages/shared-ui/src/components/Atomic/ActionButton/ActionButton.test.tsx">
    <testCase name="&lt;ActionButton&gt; render correctly - snapshot" duration="389"/>
  </file>
  <file path="/Users/patrik/Dev/plgd/hub/http-gateway/web/packages/shared-ui/src/components/Atomic/Dropzone/Dropzone.test.tsx">
    <testCase name="&lt;ConditionalWrapper&gt; render correctly - snapshot" duration="84"/>
  </file>
  <file path="/Users/patrik/Dev/plgd/hub/http-gateway/web/packages/shared-ui/src/components/Atomic/Checkbox/Checkbox.test.tsx">
    <testCase name="&lt;Checkbox&gt; render correctly - snapshot" duration="174"/>
  </file>
  <file path="/Users/patrik/Dev/plgd/hub/http-gateway/web/packages/shared-ui/src/components/Atomic/StatusTag/StatusTag.test.tsx">
    <testCase name="&lt;StatusTag&gt; render correctly - snapshot" duration="86"/>
  </file>
  <file path="/Users/patrik/Dev/plgd/hub/http-gateway/web/packages/shared-ui/src/components/Atomic/ConditionalWrapper/ConditionalWrapper.test.tsx">
    <testCase name="&lt;ConditionalWrapper&gt; render correctly - snapshot" duration="12"/>
  </file>
  <file path="/Users/patrik/Dev/plgd/hub/http-gateway/web/packages/shared-ui/src/components/Atomic/FormLabel/FormLabel.test.tsx">
    <testCase name="&lt;FormLabel&gt; render correctly - snapshot" duration="32"/>
  </file>
  <file path="/Users/patrik/Dev/plgd/hub/http-gateway/web/packages/shared-ui/src/components/Atomic/Display/Display.test.tsx">
    <testCase name="&lt;ConditionalWrapper&gt; render correctly - snapshot" duration="9"/>
  </file>
  <file path="/Users/patrik/Dev/plgd/hub/http-gateway/web/packages/shared-ui/src/components/Atomic/Loader/IconLoader/IconLoader.test.tsx">
    <testCase name="&lt;IconLoader&gt; render correctly - snapshot" duration="19"/>
  </file>
</testExecutions>