<?xml version="1.0" encoding="UTF-8"?>
<testExecutions version="1">
  <file path="/Users/patrik/Dev/plgd/hub/http-gateway/web/packages/shared-ui/src/components/Atomic/FormTextarea/FormTextarea.test.tsx">
    <testCase name="&lt;FormInput&gt; render correctly - snapshot" duration="685"/>
  </file>
  <file path="/Users/patrik/Dev/plgd/hub/http-gateway/web/packages/shared-ui/src/components/Atomic/Button/Button.test.tsx">
    <testCase name="&lt;Button&gt; render correctly - snapshot" duration="476"/>
    <testCase name="&lt;Button&gt; render correctly - loading" duration="193"/>
    <testCase name="&lt;Button&gt; onCLick" duration="16"/>
  </file>
  <file path="/Users/patrik/Dev/plgd/hub/http-gateway/web/packages/shared-ui/src/components/Atomic/FormSelect/FormSelect.test.tsx">
    <testCase name="&lt;FormSelect&gt; render correctly - snapshot" duration="975"/>
  </file>
  <file path="/Users/patrik/Dev/plgd/hub/http-gateway/web/packages/shared-ui/src/components/Atomic/PageLayout/PageLayout.test.tsx">
    <testCase name="&lt;PageLayout&gt; render correctly - snapshot" duration="452"/>
  </file>
  <file path="/Users/patrik/Dev/plgd/hub/http-gateway/web/packages/shared-ui/src/components/Atomic/FormGroup/FormGroup.test.tsx">
    <testCase name="&lt;FormGroup&gt; render correctly - snapshot" duration="477"/>
  </file>
  <file path="/Users/patrik/Dev/plgd/hub/http-gateway/web/packages/shared-ui/src/components/Layout/Header/Header.test.tsx">
    <testCase name="&lt;Header&gt; render correctly - snapshot" duration="387"/>
  </file>
  <file path="/Users/patrik/Dev/plgd/hub/http-gateway/web/packages/shared-ui/src/components/Atomic/SimpleStripTable/SimpleStripTable.test.tsx">
    <testCase name="&lt;SimpleStripTable&gt; render correctly - snapshot" duration="453"/>
  </file>
  <file path="/Users/patrik/Dev/plgd/hub/http-gateway/web/packages/shared-ui/src/components/Atomic/Tag/Tag.test.tsx">
    <testCase name="&lt;Tag&gt; render correctly - snapshot" duration="268"/>
  </file>
  <file path="/Users/patrik/Dev/plgd/hub/http-gateway/web/packages/shared-ui/src/components/Atomic/SplitButton/SplitButton.test.tsx">
    <testCase name="&lt;SimpleStripTable&gt; render correctly - snapshot" duration="703"/>
  </file>
  <file path="/Users/patrik/Dev/plgd/hub/http-gateway/web/packages/shared-ui/src/components/Atomic/FormInput/FormInput.test.tsx">
    <testCase name="&lt;FormInput&gt; render correctly - snapshot" duration="412"/>
  </file>
  <file path="/Users/patrik/Dev/plgd/hub/http-gateway/web/packages/shared-ui/src/components/Atomic/ActionButton/ActionButton.test.tsx">
    <testCase name="&lt;ActionButton&gt; render correctly - snapshot" duration="514"/>
  </file>
  <file path="/Users/patrik/Dev/plgd/hub/http-gateway/web/packages/shared-ui/src/components/Atomic/ButtonBox/ButtonBox.test.tsx">
    <testCase name="&lt;ButtonBox&gt; snapshot" duration="116"/>
    <testCase name="&lt;ButtonBox&gt; renders button with provided props" duration="239"/>
  </file>
  <file path="/Users/patrik/Dev/plgd/hub/http-gateway/web/packages/shared-ui/src/components/Atomic/StatusPill/StatusPill.test.tsx">
    <testCase name="&lt;StatusPill&gt; render correctly - snapshot" duration="293"/>
  </file>
  <file path="/Users/patrik/Dev/plgd/hub/http-gateway/web/packages/shared-ui/src/components/Atomic/Grid/Grid.test.tsx">
    <testCase name="&lt;Grid&gt; render correctly - snapshot" duration="428"/>
  </file>
  <file path="/Users/patrik/Dev/plgd/hub/http-gateway/web/packages/shared-ui/src/components/Atomic/TileToggle/TileToggle.test.tsx">
    <testCase name="&lt;TileToggle&gt; render correctly - snapshot" duration="216"/>
  </file>
  <file path="/Users/patrik/Dev/plgd/hub/http-gateway/web/packages/shared-ui/src/components/Atomic/Modal/Modal.test.tsx">
    <testCase name="&lt;Modal&gt; render correctly - snapshot" duration="352"/>
  </file>
  <file path="/Users/patrik/Dev/plgd/hub/http-gateway/web/packages/shared-ui/src/components/Atomic/Radio/Radio.test.tsx">
    <testCase name="&lt;Radio&gt; render correctly - snapshot" duration="298"/>
  </file>
  <file path="/Users/patrik/Dev/plgd/hub/http-gateway/web/packages/shared-ui/src/components/Atomic/Editor/Editor.test.tsx">
    <testCase name="&lt;ConditionalWrapper&gt; render correctly - snapshot" duration="443"/>
  </file>
  <file path="/Users/patrik/Dev/plgd/hub/http-gateway/web/packages/shared-ui/src/components/Atomic/Tabs/Tabs.test.tsx">
    <testCase name="&lt;Tabs&gt; render correctly - snapshot" duration="249"/>
  </file>
  <file path="/Users/patrik/Dev/plgd/hub/http-gateway/web/packages/shared-ui/src/components/Atomic/Alert/Alert.test.tsx">
    <testCase name="&lt;Alert&gt; snapshot" duration="99"/>
    <testCase name="&lt;Alert&gt; renders alert message when provided" duration="63"/>
  </file>
  <file path="/Users/patrik/Dev/plgd/hub/http-gateway/web/packages/shared-ui/src/components/Atomic/VersionMark/VersionMark.test.tsx">
    <testCase name="&lt;VersionMark&gt; render correctly - snapshot" duration="142"/>
  </file>
  <file path="/Users/patrik/Dev/plgd/hub/http-gateway/web/packages/shared-ui/src/components/Layout/Footer/Footer.test.tsx">
    <testCase name="&lt;Footer&gt; render correctly - snapshot" duration="246"/>
  </file>
  <file path="/Users/patrik/Dev/plgd/hub/http-gateway/web/packages/shared-ui/src/components/Atomic/Headline/Headline.test.tsx">
    <testCase name="&lt;Headline&gt; render correctly - snapshot" duration="127"/>
  </file>
  <file path="/Users/patrik/Dev/plgd/hub/http-gateway/web/packages/shared-ui/src/components/Atomic/Link/Link.test.tsx">
    <testCase name="&lt;Headline&gt; render correctly - snapshot" duration="74"/>
    <testCase name="&lt;Headline&gt; onCLick" duration="71"/>
  </file>
  <file path="/Users/patrik/Dev/plgd/hub/http-gateway/web/packages/shared-ui/src/components/Atomic/Dropzone/Dropzone.test.tsx">
    <testCase name="&lt;ConditionalWrapper&gt; render correctly - snapshot" duration="176"/>
  </file>
  <file path="/Users/patrik/Dev/plgd/hub/http-gateway/web/packages/shared-ui/src/components/Atomic/Switch/Switch.test.tsx">
    <testCase name="&lt;Switch&gt; render correctly - snapshot" duration="233"/>
  </file>
  <file path="/Users/patrik/Dev/plgd/hub/http-gateway/web/packages/shared-ui/src/components/Atomic/Checkbox/Checkbox.test.tsx">
    <testCase name="&lt;Checkbox&gt; render correctly - snapshot" duration="200"/>
  </file>
  <file path="/Users/patrik/Dev/plgd/hub/http-gateway/web/packages/shared-ui/src/components/Atomic/CodeEditor/CodeEditor.test.tsx">
    <testCase name="&lt;CodeEditor&gt; renders without crashing" duration="462"/>
    <testCase name="&lt;CodeEditor&gt; displays placeholder text when value is empty" duration="224"/>
    <testCase name="&lt;CodeEditor&gt; does not display placeholder text when value is not empty" duration="147"/>
  </file>
  <file path="/Users/patrik/Dev/plgd/hub/http-gateway/web/packages/shared-ui/src/components/Layout/LeftPanel/LeftPanel.test.tsx">
    <testCase name="&lt;LeftPanel&gt; render correctly - snapshot" duration="1279"/>
    <testCase name="&lt;LeftPanel&gt; render correctly - snapshot" duration="780"/>
    <testCase name="&lt;LeftPanel&gt; render correctly - snapshot" duration="635"/>
    <testCase name="&lt;LeftPanel&gt; render correctly - snapshot" duration="503"/>
  </file>
  <file path="/Users/patrik/Dev/plgd/hub/http-gateway/web/packages/shared-ui/src/components/Atomic/Loader/IconLoader/IconLoader.test.tsx">
    <testCase name="&lt;IconLoader&gt; render correctly - snapshot" duration="37"/>
  </file>
  <file path="/Users/patrik/Dev/plgd/hub/http-gateway/web/packages/shared-ui/src/components/Atomic/ConditionalWrapper/ConditionalWrapper.test.tsx">
    <testCase name="&lt;ConditionalWrapper&gt; render correctly - snapshot" duration="23"/>
  </file>
  <file path="/Users/patrik/Dev/plgd/hub/http-gateway/web/packages/shared-ui/src/components/Atomic/Display/Display.test.tsx">
    <testCase name="&lt;ConditionalWrapper&gt; render correctly - snapshot" duration="33"/>
  </file>
  <file path="/Users/patrik/Dev/plgd/hub/http-gateway/web/packages/shared-ui/src/components/Atomic/FormLabel/FormLabel.test.tsx">
    <testCase name="&lt;FormLabel&gt; render correctly - snapshot" duration="44"/>
  </file>
  <file path="/Users/patrik/Dev/plgd/hub/http-gateway/web/packages/shared-ui/src/components/Atomic/StatusTag/StatusTag.test.tsx">
    <testCase name="&lt;StatusTag&gt; render correctly - snapshot" duration="63"/>
  </file>
  <file path="/Users/patrik/Dev/plgd/hub/http-gateway/web/packages/shared-ui/src/components/Atomic/PageLoader/PageLoader.test.tsx">
    <testCase name="&lt;PageLoader&gt; render correctly - snapshot" duration="52"/>
  </file>
</testExecutions>